2026-02-09 04:43:47,688 | INFO | Starting CMS Data Extraction Job...
2026-02-09 04:43:48,043 | INFO | Scanning for datasets matching themes/keywords: ['hospitals']
2026-02-09 04:43:48,044 | INFO | Found 69 datasets matching configured filters.
2026-02-09 04:43:48,047 | INFO | Processing 'Outpatient and Ambulatory Surgery Consumer Assessment of Healthcare Providers and Systems (OAS CAHPS) survey for ambulatory surgical centers - Facility' (48nr-hqxx)...
2026-02-09 04:43:48,047 | INFO | Processing 'Ambulatory Surgical Center Quality Measures - Facility' (4jcv-atw7)...
2026-02-09 04:43:48,050 | INFO | Processing 'Ambulatory Surgical Center Quality Measures - National' (wue8-3vwe)...
2026-02-09 04:43:48,051 | INFO | Processing 'Outpatient and Ambulatory Surgery Consumer Assessment of Healthcare Providers and Systems (OAS CAHPS) survey for ambulatory surgical centers - National' (tf3h-mrrs)...
2026-02-09 04:43:48,053 | INFO | Processing 'Ambulatory Surgical Center Quality Measures - State' (axe7-s95e)...
2026-02-09 04:43:48,149 | INFO | Successfully processed 48nr-hqxx -> /cms_scraper/working_directory/output/48nr-hqxx_distribution_1.csv
2026-02-09 04:43:48,150 | INFO | Processing 'Outpatient and Ambulatory Surgery Consumer Assessment of Healthcare Providers and Systems (OAS CAHPS) survey for ambulatory surgical centers - State' (x663-bwbj)...
2026-02-09 04:43:48,193 | INFO | Successfully processed x663-bwbj -> /cms_scraper/working_directory/output/x663-bwbj_distribution_1.csv
2026-02-09 04:43:48,194 | INFO | Processing 'Comprehensive Care For Joint Replacement Model - Provider Data' (tqkv-mgxq)...
2026-02-09 04:43:48,251 | INFO | Successfully processed tqkv-mgxq -> /cms_scraper/working_directory/output/tqkv-mgxq_distribution_1.csv
2026-02-09 04:43:48,251 | INFO | Processing 'CMS Medicare PSI-90 and component measures - six-digit estimate dataset' (muwa-iene)...
2026-02-09 04:43:48,294 | INFO | Successfully processed wue8-3vwe -> /cms_scraper/working_directory/output/wue8-3vwe_distribution_1.csv
2026-02-09 04:43:48,294 | INFO | Processing 'Complications and Deaths - Hospital' (ynj2-r877)...
2026-02-09 04:43:48,298 | INFO | Successfully processed tf3h-mrrs -> /cms_scraper/working_directory/output/tf3h-mrrs_distribution_1.csv
2026-02-09 04:43:48,299 | INFO | Processing 'Complications and Deaths - National' (qqw3-t4ie)...
2026-02-09 04:43:48,338 | INFO | Successfully processed qqw3-t4ie -> /cms_scraper/working_directory/output/qqw3-t4ie_distribution_1.csv
2026-02-09 04:43:48,338 | INFO | Processing 'Complications and Deaths - State' (bs2r-24vh)...
2026-02-09 04:43:48,373 | INFO | Successfully processed axe7-s95e -> /cms_scraper/working_directory/output/axe7-s95e_distribution_1.csv
2026-02-09 04:43:48,374 | INFO | Processing 'Footnote Crosswalk' (y9us-9xdf)...
2026-02-09 04:43:48,403 | INFO | Successfully processed bs2r-24vh -> /cms_scraper/working_directory/output/bs2r-24vh_distribution_1.csv
2026-02-09 04:43:48,404 | INFO | Processing 'Table 2: FY2021 Distribution of Net Change in Base Operating DRG Payment Amount' (xrgf-x36b)...
2026-02-09 04:43:48,452 | ERROR | Error transforming /cms_scraper/working_directory/landing/y9us-9xdf_distribution_1.csv: need to escape, but no escapechar set
2026-02-09 04:43:48,453 | INFO | Processing 'Table 1: FY2021 Net Change in Base Operating DRG Payment Amount' (5gv4-jwyv)...
2026-02-09 04:43:48,463 | INFO | Successfully processed xrgf-x36b -> /cms_scraper/working_directory/output/xrgf-x36b_distribution_1.csv
2026-02-09 04:43:48,465 | INFO | Processing 'Table 3: FY2021 Percent Change in Medicare Payments' (u625-zae7)...
2026-02-09 04:43:48,504 | INFO | Successfully processed 5gv4-jwyv -> /cms_scraper/working_directory/output/5gv4-jwyv_distribution_1.csv
2026-02-09 04:43:48,505 | INFO | Processing 'Table 4: FY2021 Value-Based Incentive Payment Amount' (vtqa-m4zn)...
2026-02-09 04:43:48,522 | INFO | Successfully processed u625-zae7 -> /cms_scraper/working_directory/output/u625-zae7_distribution_1.csv
2026-02-09 04:43:48,522 | INFO | Processing 'Patient survey (HCAHPS) - Hospital' (dgck-syfz)...
2026-02-09 04:43:48,566 | INFO | Successfully processed vtqa-m4zn -> /cms_scraper/working_directory/output/vtqa-m4zn_distribution_1.csv
2026-02-09 04:43:48,569 | INFO | Processing 'Patient survey (HCAHPS) - National' (99ue-w85f)...
2026-02-09 04:43:48,575 | INFO | Successfully processed 4jcv-atw7 -> /cms_scraper/working_directory/output/4jcv-atw7_distribution_1.csv
2026-02-09 04:43:48,576 | INFO | Processing 'Patient survey (HCAHPS) - State' (84jm-wiui)...
2026-02-09 04:43:48,616 | INFO | Successfully processed 99ue-w85f -> /cms_scraper/working_directory/output/99ue-w85f_distribution_1.csv
2026-02-09 04:43:48,616 | INFO | Processing 'Healthcare Associated Infections - Hospital' (77hc-ibv8)...
2026-02-09 04:43:48,709 | INFO | Successfully processed 84jm-wiui -> /cms_scraper/working_directory/output/84jm-wiui_distribution_1.csv
2026-02-09 04:43:48,710 | INFO | Processing 'Healthcare Associated Infections - National' (yd3s-jyhd)...
2026-02-09 04:43:48,928 | INFO | Successfully processed yd3s-jyhd -> /cms_scraper/working_directory/output/yd3s-jyhd_distribution_1.csv
2026-02-09 04:43:48,928 | INFO | Processing 'Healthcare Associated Infections - State' (k2ze-bqvw)...
2026-02-09 04:43:49,305 | INFO | Successfully processed k2ze-bqvw -> /cms_scraper/working_directory/output/k2ze-bqvw_distribution_1.csv
2026-02-09 04:43:49,305 | INFO | Processing 'Outpatient and Ambulatory Surgery Consumer Assessment of Healthcare Providers and Systems (OAS CAHPS) survey for hospital outpatient departments - Facility' (yizn-abxn)...
2026-02-09 04:43:50,886 | INFO | Successfully processed ynj2-r877 -> /cms_scraper/working_directory/output/ynj2-r877_distribution_1.csv
2026-02-09 04:43:50,887 | INFO | Processing 'Outpatient and Ambulatory Surgery Consumer Assessment of Healthcare Providers and Systems (OAS CAHPS) survey for hospital outpatient departments - National' (s5pj-hua3)...
2026-02-09 04:43:50,941 | INFO | Successfully processed s5pj-hua3 -> /cms_scraper/working_directory/output/s5pj-hua3_distribution_1.csv
2026-02-09 04:43:50,944 | INFO | Processing 'Outpatient and Ambulatory Surgery Consumer Assessment of Healthcare Providers and Systems (OAS CAHPS) survey for hospital outpatient departments - State' (6pfg-whmx)...
2026-02-09 04:43:51,246 | INFO | Successfully processed 6pfg-whmx -> /cms_scraper/working_directory/output/6pfg-whmx_distribution_1.csv
2026-02-09 04:43:51,247 | INFO | Processing 'Hospital General Information' (xubh-q36u)...
2026-02-09 04:43:51,582 | INFO | Successfully processed muwa-iene -> /cms_scraper/working_directory/output/muwa-iene_distribution_1.csv
2026-02-09 04:43:51,583 | INFO | Processing 'Complications and Unplanned Hospital Visits - PPS-Exempt Cancer Hospital - Hospital' (z8ax-x9j1)...
2026-02-09 04:43:51,622 | INFO | Successfully processed z8ax-x9j1 -> /cms_scraper/working_directory/output/z8ax-x9j1_distribution_1.csv
2026-02-09 04:43:51,622 | INFO | Processing 'Complications and Unplanned Hospital Visits - PPS-Exempt Cancer Hospital - National' (jfnd-nl7s)...
2026-02-09 04:43:51,672 | INFO | Successfully processed jfnd-nl7s -> /cms_scraper/working_directory/output/jfnd-nl7s_distribution_1.csv
2026-02-09 04:43:51,673 | INFO | Processing 'Hospital-Acquired Condition (HAC) Reduction Program' (yq43-i98g)...
2026-02-09 04:43:51,789 | INFO | Successfully processed xubh-q36u -> /cms_scraper/working_directory/output/xubh-q36u_distribution_1.csv
2026-02-09 04:43:51,790 | INFO | Processing 'Medicare Spending Per Beneficiary - Hospital Additional Decimal Places' (5hk7-b79m)...
2026-02-09 04:43:51,869 | INFO | Successfully processed yq43-i98g -> /cms_scraper/working_directory/output/yq43-i98g_distribution_1.csv
2026-02-09 04:43:51,869 | INFO | Processing 'Safety and Healthcare-Associated Infection Measures - PPS-Exempt Cancer Hospital' (k653-4ka8)...
2026-02-09 04:43:51,895 | INFO | Successfully processed 5hk7-b79m -> /cms_scraper/working_directory/output/5hk7-b79m_distribution_1.csv
2026-02-09 04:43:51,895 | INFO | Processing 'Patient Survey (PCH - HCAHPS) PPS-Exempt Cancer Hospital - Hospital' (iy27-wz37)...
2026-02-09 04:43:51,998 | INFO | Successfully processed iy27-wz37 -> /cms_scraper/working_directory/output/iy27-wz37_distribution_1.csv
2026-02-09 04:43:51,999 | INFO | Processing 'Patient Survey (PCH - HCAHPS) PPS-Exempt Cancer Hospital - National' (9g7e-btyt)...
2026-02-09 04:43:52,056 | INFO | Successfully processed 9g7e-btyt -> /cms_scraper/working_directory/output/9g7e-btyt_distribution_1.csv
2026-02-09 04:43:52,057 | INFO | Processing 'Patient Survey (PCH - HCAHPS) PPS-Exempt Cancer Hospital - State' (qatj-nmws)...
2026-02-09 04:43:52,102 | INFO | Successfully processed k653-4ka8 -> /cms_scraper/working_directory/output/k653-4ka8_distribution_1.csv
2026-02-09 04:43:52,103 | INFO | Processing 'Hospital Readmissions Reduction Program' (9n3s-kdb3)...
2026-02-09 04:43:52,228 | INFO | Successfully processed qatj-nmws -> /cms_scraper/working_directory/output/qatj-nmws_distribution_1.csv
2026-02-09 04:43:52,229 | INFO | Processing 'Hospital Value-Based Purchasing (HVBP) - Clinical Outcomes Domain Scores' (pudb-wetr)...
2026-02-09 04:43:52,436 | INFO | Successfully processed pudb-wetr -> /cms_scraper/working_directory/output/pudb-wetr_distribution_1.csv
2026-02-09 04:43:52,436 | INFO | Processing 'Hospital Value-Based Purchasing (HVBP) - Efficiency Scores' (su9h-3pvj)...
2026-02-09 04:43:52,530 | INFO | Successfully processed su9h-3pvj -> /cms_scraper/working_directory/output/su9h-3pvj_distribution_1.csv
2026-02-09 04:43:52,531 | INFO | Processing 'Hospital Value-Based Purchasing (HVBP) - Person and Community Engagement Domain Scores (HCAHPS)' (avtz-f2ge)...
2026-02-09 04:43:52,799 | INFO | Successfully processed 9n3s-kdb3 -> /cms_scraper/working_directory/output/9n3s-kdb3_distribution_1.csv
2026-02-09 04:43:52,801 | INFO | Processing 'Hospital Value-Based Purchasing (HVBP) - Safety' (dgmq-aat3)...
2026-02-09 04:43:53,347 | INFO | Successfully processed avtz-f2ge -> /cms_scraper/working_directory/output/avtz-f2ge_distribution_1.csv
2026-02-09 04:43:53,348 | INFO | Processing 'Hospital Value-Based Purchasing (HVBP) - Total Performance Score' (ypbt-wvdk)...
2026-02-09 04:43:53,709 | INFO | Successfully processed ypbt-wvdk -> /cms_scraper/working_directory/output/ypbt-wvdk_distribution_1.csv
2026-02-09 04:43:53,709 | INFO | Processing 'Inpatient Psychiatric Facility Quality Measure Data - by Facility' (q9vs-r7wp)...
2026-02-09 04:43:54,004 | INFO | Successfully processed dgmq-aat3 -> /cms_scraper/working_directory/output/dgmq-aat3_distribution_1.csv
2026-02-09 04:43:54,005 | INFO | Processing 'Inpatient Psychiatric Facility Quality Measure Data - National' (s5xg-sys6)...
2026-02-09 04:43:54,262 | INFO | Successfully processed s5xg-sys6 -> /cms_scraper/working_directory/output/s5xg-sys6_distribution_1.csv
2026-02-09 04:43:54,264 | INFO | Processing 'Inpatient Psychiatric Facility Quality Measure Data - by State' (dc76-gh7x)...
2026-02-09 04:43:54,605 | INFO | Successfully processed dc76-gh7x -> /cms_scraper/working_directory/output/dc76-gh7x_distribution_1.csv
2026-02-09 04:43:54,610 | INFO | Processing 'Measure Dates' (4j6d-yzce)...
2026-02-09 04:43:54,701 | INFO | Successfully processed q9vs-r7wp -> /cms_scraper/working_directory/output/q9vs-r7wp_distribution_1.csv
2026-02-09 04:43:54,702 | INFO | Processing 'Medicare Hospital Spending by Claim' (nrth-mfg3)...
2026-02-09 04:43:54,909 | INFO | Successfully processed 4j6d-yzce -> /cms_scraper/working_directory/output/4j6d-yzce_distribution_1.csv
2026-02-09 04:43:54,911 | INFO | Processing 'Medicare Spending Per Beneficiary - Hospital' (rrqw-56er)...
2026-02-09 04:43:55,982 | INFO | Successfully processed rrqw-56er -> /cms_scraper/working_directory/output/rrqw-56er_distribution_1.csv
2026-02-09 04:43:55,985 | INFO | Processing 'Medicare Spending Per Beneficiary - National' (3n5g-6b7f)...
2026-02-09 04:43:56,081 | INFO | Successfully processed 3n5g-6b7f -> /cms_scraper/working_directory/output/3n5g-6b7f_distribution_1.csv
2026-02-09 04:43:56,084 | INFO | Processing 'Medicare Spending Per Beneficiary - State' (rs6n-9qwg)...
2026-02-09 04:43:56,176 | INFO | Successfully processed rs6n-9qwg -> /cms_scraper/working_directory/output/rs6n-9qwg_distribution_1.csv
2026-02-09 04:43:56,179 | INFO | Processing 'Outpatient Imaging Efficiency - Hospital' (wkfw-kthe)...
2026-02-09 04:43:58,612 | INFO | Successfully processed wkfw-kthe -> /cms_scraper/working_directory/output/wkfw-kthe_distribution_1.csv
2026-02-09 04:43:58,615 | INFO | Processing 'Outpatient Imaging Efficiency - National' (di9i-zzrc)...
2026-02-09 04:43:58,693 | INFO | Successfully processed di9i-zzrc -> /cms_scraper/working_directory/output/di9i-zzrc_distribution_1.csv
2026-02-09 04:43:58,694 | INFO | Processing 'Outpatient Imaging Efficiency - State' (if5v-4x48)...
2026-02-09 04:43:59,033 | INFO | Successfully processed if5v-4x48 -> /cms_scraper/working_directory/output/if5v-4x48_distribution_1.csv
2026-02-09 04:43:59,036 | INFO | Processing 'Timely and Effective Care - Hospital' (yv7e-xc69)...
2026-02-09 04:44:00,154 | INFO | Successfully processed 77hc-ibv8 -> /cms_scraper/working_directory/output/77hc-ibv8_distribution_1.csv
2026-02-09 04:44:00,156 | INFO | Processing 'Timely and Effective Care - National' (isrn-hqyy)...
2026-02-09 04:44:00,240 | INFO | Successfully processed isrn-hqyy -> /cms_scraper/working_directory/output/isrn-hqyy_distribution_1.csv
2026-02-09 04:44:00,242 | INFO | Processing 'Timely and Effective Care - State' (apyc-v239)...
2026-02-09 04:44:00,482 | INFO | Successfully processed apyc-v239 -> /cms_scraper/working_directory/output/apyc-v239_distribution_1.csv
2026-02-09 04:44:00,487 | INFO | Processing 'Unplanned Hospital Visits - Hospital' (632h-zaca)...
2026-02-09 04:44:01,079 | INFO | Successfully processed yizn-abxn -> /cms_scraper/working_directory/output/yizn-abxn_distribution_1.csv
2026-02-09 04:44:01,080 | INFO | Processing 'Unplanned Hospital Visits - National' (cvcs-xecj)...
2026-02-09 04:44:01,117 | INFO | Successfully processed nrth-mfg3 -> /cms_scraper/working_directory/output/nrth-mfg3_distribution_1.csv
2026-02-09 04:44:01,118 | INFO | Processing 'Unplanned Hospital Visits - State' (4gkm-5ypv)...
2026-02-09 04:44:01,300 | INFO | Successfully processed cvcs-xecj -> /cms_scraper/working_directory/output/cvcs-xecj_distribution_1.csv
2026-02-09 04:44:01,301 | INFO | Processing 'Veterans Health Administration Behavioral Health Data' (6qxe-iqz8)...
2026-02-09 04:44:01,366 | INFO | Successfully processed 4gkm-5ypv -> /cms_scraper/working_directory/output/4gkm-5ypv_distribution_1.csv
2026-02-09 04:44:01,367 | INFO | Processing 'Veterans Health Administration Timely and Effective Care Data' (ptds-r8im)...
2026-02-09 04:44:01,470 | INFO | Successfully processed ptds-r8im -> /cms_scraper/working_directory/output/ptds-r8im_distribution_1.csv
2026-02-09 04:44:01,470 | INFO | Processing 'Veterans Health Administration Provider Level Data' (uyx4-5s7f)...
2026-02-09 04:44:01,542 | INFO | Successfully processed 6qxe-iqz8 -> /cms_scraper/working_directory/output/6qxe-iqz8_distribution_1.csv
2026-02-09 04:44:01,543 | INFO | Processing 'Data Updates' (bzsr-4my4)...
2026-02-09 04:44:01,675 | ERROR | Error transforming /cms_scraper/working_directory/landing/bzsr-4my4_distribution_1.csv: need to escape, but no escapechar set
2026-02-09 04:44:01,676 | INFO | Processing 'Maternal Health - Hospital' (nrdb-3fcy)...
2026-02-09 04:44:01,694 | INFO | Successfully processed uyx4-5s7f -> /cms_scraper/working_directory/output/uyx4-5s7f_distribution_1.csv
2026-02-09 04:44:01,695 | INFO | Processing 'Patient-Reported Outcomes - Hospital' (mxtu-43qs)...
2026-02-09 04:44:02,219 | INFO | Successfully processed mxtu-43qs -> /cms_scraper/working_directory/output/mxtu-43qs_distribution_1.csv
2026-02-09 04:44:02,220 | INFO | Processing 'Palliative Care - PPS-Exempt Cancer Hospital - Hospital' (qoeg-w7ck)...
2026-02-09 04:44:02,310 | INFO | Successfully processed qoeg-w7ck -> /cms_scraper/working_directory/output/qoeg-w7ck_distribution_1.csv
2026-02-09 04:44:02,312 | INFO | Processing 'Palliative Care - PPS-Exempt Cancer Hospital - National' (qigt-w5cx)...
2026-02-09 04:44:02,555 | INFO | Successfully processed qigt-w5cx -> /cms_scraper/working_directory/output/qigt-w5cx_distribution_1.csv
2026-02-09 04:44:02,555 | INFO | Processing 'Promoting Interoperability - Hospital' (f4ga-b9gx)...
2026-02-09 04:44:03,346 | INFO | Successfully processed f4ga-b9gx -> /cms_scraper/working_directory/output/f4ga-b9gx_distribution_1.csv
2026-02-09 04:44:03,346 | INFO | Processing 'Birthing Friendly Hospitals with Geocoded Addresses' (hbf-map)...
2026-02-09 04:44:03,582 | INFO | Successfully processed nrdb-3fcy -> /cms_scraper/working_directory/output/nrdb-3fcy_distribution_1.csv
2026-02-09 04:44:03,585 | INFO | Processing 'Rural Emergency Hospitals Timely and Effective Care - Hospital' (97xg-v3wv)...
2026-02-09 04:44:03,598 | INFO | Successfully processed hbf-map -> /cms_scraper/working_directory/output/hbf-map_distribution_1.csv
2026-02-09 04:44:03,599 | INFO | Processing 'Rural Emergency Hospitals Timely and Effective Care - National' (d2k3-k3ac)...
2026-02-09 04:44:03,683 | INFO | Successfully processed 97xg-v3wv -> /cms_scraper/working_directory/output/97xg-v3wv_distribution_1.csv
2026-02-09 04:44:03,848 | INFO | Successfully processed d2k3-k3ac -> /cms_scraper/working_directory/output/d2k3-k3ac_distribution_1.csv
2026-02-09 04:44:03,910 | INFO | Successfully processed 632h-zaca -> /cms_scraper/working_directory/output/632h-zaca_distribution_1.csv
2026-02-09 04:44:05,750 | INFO | Successfully processed yv7e-xc69 -> /cms_scraper/working_directory/output/yv7e-xc69_distribution_1.csv
2026-02-09 04:44:12,998 | INFO | Successfully processed dgck-syfz -> /cms_scraper/working_directory/output/dgck-syfz_distribution_1.csv
2026-02-09 04:44:13,000 | INFO | Job completed. Updated 67 datasets.
